base-case.txt
--Echo Inputs--
--head--
0 [ 0.        2.795639  7.1792   10.46687  12.65865  13.75454  13.75454 ]
1 [ 0.        2.795639  7.1792   10.46687  12.65865  13.75454  13.75454 ]
2 [ 0.        2.795639  7.1792   10.46687  12.65865  13.75454  13.75454 ]
3 [ 0.        2.795639  7.1792   10.46687  12.65865  13.75454  13.75454 ]
4 [ 0.        2.795639  7.1792   10.46687  12.65865  13.75454  13.75454 ]
5 [ 0.        2.795639  7.1792   10.46687  12.65865  13.75454  13.75454 ]
6 [ 0.        2.795639  7.1792   10.46687  12.65865  13.75454  13.75454 ]
--Kx--
0 [2920. 1000. 1000. 1000. 1000. 1000. 1000.]
1 [2920. 1000. 1000. 1000. 1000. 1000. 1000.]
2 [2920. 1000. 1000. 1000. 1000. 1000. 1000.]
3 [2920. 1000. 1000. 1000. 1000. 1000. 1000.]
4 [2920. 1000. 1000. 1000. 1000. 1000. 1000.]
5 [2920. 1000. 1000. 1000. 1000. 1000. 1000.]
6 [2920. 1000. 1000. 1000. 1000. 1000. 1000.]
--Ky--
0 [2920. 1000. 1000. 1000. 1000. 1000. 1000.]
1 [2920. 1000. 1000. 1000. 1000. 1000. 1000.]
2 [2920. 1000. 1000. 1000. 1000. 1000. 1000.]
3 [2920. 1000. 1000. 1000. 1000. 1000. 1000.]
4 [2920. 1000. 1000. 1000. 1000. 1000. 1000.]
5 [2920. 1000. 1000. 1000. 1000. 1000. 1000.]
6 [2920. 1000. 1000. 1000. 1000. 1000. 1000.]
pumping-recharge
0 [-1095.89 -1095.89 -1095.89 -1095.89 -1095.89 -1095.89 -1095.89]
1 [-1095.89 -1095.89 -1095.89 -1095.89 -1095.89 -1095.89 -1095.89]
2 [-1095.89 -1095.89 -1095.89 -1095.89 -1095.89 -1095.89 -1095.89]
3 [-1095.89 -1095.89 -1095.89 -1095.89 -1095.89 -1095.89 -1095.89]
4 [-1095.89 -1095.89 -1095.89 -1095.89 -1095.89 -1095.89 -1095.89]
5 [-1095.89 -1095.89 -1095.89 -1095.89 -1095.89 -1095.89 -1095.89]
6 [-1095.89 -1095.89 -1095.89 -1095.89 -1095.89 -1095.89 -1095.89]

--before iterations--
 head
0 [ 0.        2.795639  7.1792   10.46687  12.65865  13.75454  13.75454 ]
1 [ 0.        2.795639  7.1792   10.46687  12.65865  13.75454  13.75454 ]
2 [ 0.        2.795639  7.1792   10.46687  12.65865  13.75454  13.75454 ]
3 [ 0.        2.795639  7.1792   10.46687  12.65865  13.75454  13.75454 ]
4 [ 0.        2.795639  7.1792   10.46687  12.65865  13.75454  13.75454 ]
5 [ 0.        2.795639  7.1792   10.46687  12.65865  13.75454  13.75454 ]
6 [ 0.        2.795639  7.1792   10.46687  12.65865  13.75454  13.75454 ]
--headold--
0 [ 0.        2.795639  7.1792   10.46687  12.65865  13.75454  13.75454 ]
1 [ 0.        2.795639  7.1792   10.46687  12.65865  13.75454  13.75454 ]
2 [ 0.        2.795639  7.1792   10.46687  12.65865  13.75454  13.75454 ]
3 [ 0.        2.795639  7.1792   10.46687  12.65865  13.75454  13.75454 ]
4 [ 0.        2.795639  7.1792   10.46687  12.65865  13.75454  13.75454 ]
5 [ 0.        2.795639  7.1792   10.46687  12.65865  13.75454  13.75454 ]
6 [ 0.        2.795639  7.1792   10.46687  12.65865  13.75454  13.75454 ]
--qrat--
0 [-0.000274 -0.000274 -0.000274 -0.000274 -0.000274 -0.000274 -0.000274]
1 [-0.000274 -0.000274 -0.000274 -0.000274 -0.000274 -0.000274 -0.000274]
2 [-0.000274 -0.000274 -0.000274 -0.000274 -0.000274 -0.000274 -0.000274]
3 [-0.000274 -0.000274 -0.000274 -0.000274 -0.000274 -0.000274 -0.000274]
4 [-0.000274 -0.000274 -0.000274 -0.000274 -0.000274 -0.000274 -0.000274]
5 [-0.000274 -0.000274 -0.000274 -0.000274 -0.000274 -0.000274 -0.000274]
6 [-0.000274 -0.000274 -0.000274 -0.000274 -0.000274 -0.000274 -0.000274]
--amat--
0 [0. 0. 0. 0. 0. 0. 0.]
1 [0.      0.00025 0.00025 0.00025 0.00025 0.00025 0.     ]
2 [0.      0.00025 0.00025 0.00025 0.00025 0.00025 0.     ]
3 [0.      0.00025 0.00025 0.00025 0.00025 0.00025 0.     ]
4 [0.      0.00025 0.00025 0.00025 0.00025 0.00025 0.     ]
5 [0.      0.00025 0.00025 0.00025 0.00025 0.00025 0.     ]
6 [0. 0. 0. 0. 0. 0. 0.]
--bmat--
0 [0. 0. 0. 0. 0. 0. 0.]
1 [0.      0.00025 0.00025 0.00025 0.00025 0.00025 0.     ]
2 [0.      0.00025 0.00025 0.00025 0.00025 0.00025 0.     ]
3 [0.      0.00025 0.00025 0.00025 0.00025 0.00025 0.     ]
4 [0.      0.00025 0.00025 0.00025 0.00025 0.00025 0.     ]
5 [0.      0.00025 0.00025 0.00025 0.00025 0.00025 0.     ]
6 [0. 0. 0. 0. 0. 0. 0.]
--cmat--
0 [0. 0. 0. 0. 0. 0. 0.]
1 [0.      0.00049 0.00025 0.00025 0.00025 0.00025 0.     ]
2 [0.      0.00049 0.00025 0.00025 0.00025 0.00025 0.     ]
3 [0.      0.00049 0.00025 0.00025 0.00025 0.00025 0.     ]
4 [0.      0.00049 0.00025 0.00025 0.00025 0.00025 0.     ]
5 [0.      0.00049 0.00025 0.00025 0.00025 0.00025 0.     ]
6 [0. 0. 0. 0. 0. 0. 0.]
--dmat--
0 [0. 0. 0. 0. 0. 0. 0.]
1 [0.      0.00025 0.00025 0.00025 0.00025 0.00025 0.     ]
2 [0.      0.00025 0.00025 0.00025 0.00025 0.00025 0.     ]
3 [0.      0.00025 0.00025 0.00025 0.00025 0.00025 0.     ]
4 [0.      0.00025 0.00025 0.00025 0.00025 0.00025 0.     ]
5 [0.      0.00025 0.00025 0.00025 0.00025 0.00025 0.     ]
6 [0. 0. 0. 0. 0. 0. 0.]
----

Exit iterations in velocity potential because tolerance met 
Iterations = 99
End Calculations
Iterations    =  99
Closure Error =  0.0
Minimum Head 0.0
Head Map
----
0 [ 0.        2.795638  7.179198 10.466868 12.658648 13.754538 13.754538]
1 [ 0.        2.795638  7.179198 10.466868 12.658648 13.754538 13.754538]
2 [ 0.        2.795638  7.179198 10.466868 12.658648 13.754538 13.754538]
3 [ 0.        2.795638  7.179198 10.466868 12.658648 13.754538 13.754538]
4 [ 0.        2.795638  7.179198 10.466868 12.658648 13.754538 13.754538]
5 [ 0.        2.795638  7.179198 10.466868 12.658648 13.754538 13.754538]
6 [ 0.        2.795638  7.179198 10.466868 12.658648 13.754538 13.754538]
----
