This is pdfTeX, Version 3.14159265-2.6-1.40.17 (TeX Live 2016) (preloaded format=pdflatex 2016.5.22)  10 MAY 2019 15:12
entering extended mode
 restricted \write18 enabled.
 file:line:error style messages enabled.
 %&-line parsing enabled.
**WRM-Notebook.tex
(./WRM-Notebook.tex
LaTeX2e <2016/03/31>
Babel <3.9r> and hyphenation patterns for 83 language(s) loaded.
(/usr/local/texlive/2016/texmf-dist/tex/latex/base/article.cls
Document Class: article 2014/09/29 v1.4h Standard LaTeX document class
(/usr/local/texlive/2016/texmf-dist/tex/latex/base/size12.clo
File: size12.clo 2014/09/29 v1.4h Standard LaTeX file (size option)
)
\c@part=\count79
\c@section=\count80
\c@subsection=\count81
\c@subsubsection=\count82
\c@paragraph=\count83
\c@subparagraph=\count84
\c@figure=\count85
\c@table=\count86
\abovecaptionskip=\skip41
\belowcaptionskip=\skip42
\bibindent=\dimen102
)
(./styles/daves.sty
Dave's standard definitions Friday, July 7, 1995...
Dave's standards updated Friday 23 May 2008...
\chaptopsep=\skip43
\chapaftersep=\skip44
\c@theorem=\count87
Alter some LaTeX defaults for better treatment of figures...
.....dbt changed footnote indentation
.....dbt changed labels to arabic
.....dbt included milestone charts
\mile@i=\count88
\mile@j=\count89
\mile@startmonth=\count90
\mile@endmonth=\count91
\mile@major=\count92
\mile@month=\dimen103
\mile@width=\dimen104
\mile@shift=\dimen105
\mile@trheight=\dimen106
\mile@trdepth=\dimen107
) (/usr/local/texlive/2016/texmf-dist/tex/latex/fancyhdr/fancyhdr.sty
\fancy@headwidth=\skip45
\f@ncyO@elh=\skip46
\f@ncyO@erh=\skip47
\f@ncyO@olh=\skip48
\f@ncyO@orh=\skip49
\f@ncyO@elf=\skip50
\f@ncyO@erf=\skip51
\f@ncyO@olf=\skip52
\f@ncyO@orf=\skip53
)
(/usr/local/texlive/2016/texmf-dist/tex/latex/natbib/natbib.sty
Package: natbib 2010/09/13 8.31b (PWD, AO)
\bibhang=\skip54
\bibsep=\skip55
LaTeX Info: Redefining \cite on input line 694.
\c@NAT@ctr=\count93
)
(/usr/local/texlive/2016/texmf-dist/tex/latex/url/url.sty
\Urlmuskip=\muskip10
Package: url 2013/09/16  ver 3.4  Verb mode for urls, etc.
)
(/usr/local/texlive/2016/texmf-dist/tex/latex/amsmath/amsmath.sty
Package: amsmath 2016/03/10 v2.15b AMS math features
\@mathmargin=\skip56

For additional information on amsmath, use the `?' option.
(/usr/local/texlive/2016/texmf-dist/tex/latex/amsmath/amstext.sty
Package: amstext 2000/06/29 v2.01 AMS text

(/usr/local/texlive/2016/texmf-dist/tex/latex/amsmath/amsgen.sty
File: amsgen.sty 1999/11/30 v2.0 generic functions
\@emptytoks=\toks14
\ex@=\dimen108
))
(/usr/local/texlive/2016/texmf-dist/tex/latex/amsmath/amsbsy.sty
Package: amsbsy 1999/11/29 v1.2d Bold Symbols
\pmbraise@=\dimen109
)
(/usr/local/texlive/2016/texmf-dist/tex/latex/amsmath/amsopn.sty
Package: amsopn 2016/03/08 v2.02 operator names
)
\inf@bad=\count94
LaTeX Info: Redefining \frac on input line 199.
\uproot@=\count95
\leftroot@=\count96
LaTeX Info: Redefining \overline on input line 297.
\classnum@=\count97
\DOTSCASE@=\count98
LaTeX Info: Redefining \ldots on input line 394.
LaTeX Info: Redefining \dots on input line 397.
LaTeX Info: Redefining \cdots on input line 518.
\Mathstrutbox@=\box26
\strutbox@=\box27
\big@size=\dimen110
LaTeX Font Info:    Redeclaring font encoding OML on input line 634.
LaTeX Font Info:    Redeclaring font encoding OMS on input line 635.
\macc@depth=\count99
\c@MaxMatrixCols=\count100
\dotsspace@=\muskip11
\c@parentequation=\count101
\dspbrk@lvl=\count102
\tag@help=\toks15
\row@=\count103
\column@=\count104
\maxfields@=\count105
\andhelp@=\toks16
\eqnshift@=\dimen111
\alignsep@=\dimen112
\tagshift@=\dimen113
\tagwidth@=\dimen114
\totwidth@=\dimen115
\lineht@=\dimen116
\@envbody=\toks17
\multlinegap=\skip57
\multlinetaggap=\skip58
\mathdisplay@stack=\toks18
LaTeX Info: Redefining \[ on input line 2739.
LaTeX Info: Redefining \] on input line 2740.
)
(/usr/local/texlive/2016/texmf-dist/tex/latex/amsfonts/amssymb.sty
Package: amssymb 2013/01/14 v3.01 AMS font symbols

(/usr/local/texlive/2016/texmf-dist/tex/latex/amsfonts/amsfonts.sty
Package: amsfonts 2013/01/14 v3.01 Basic AMSFonts support
\symAMSa=\mathgroup4
\symAMSb=\mathgroup5
LaTeX Font Info:    Overwriting math alphabet `\mathfrak' in version `bold'
(Font)                  U/euf/m/n --> U/euf/b/n on input line 106.
))
(/usr/local/texlive/2016/texmf-dist/tex/latex/graphics/graphicx.sty
Package: graphicx 2014/10/28 v1.0g Enhanced LaTeX Graphics (DPC,SPQR)

(/usr/local/texlive/2016/texmf-dist/tex/latex/graphics/keyval.sty
Package: keyval 2014/10/28 v1.15 key=value parser (DPC)
\KV@toks@=\toks19
)
(/usr/local/texlive/2016/texmf-dist/tex/latex/graphics/graphics.sty
Package: graphics 2016/05/09 v1.0r Standard LaTeX Graphics (DPC,SPQR)

(/usr/local/texlive/2016/texmf-dist/tex/latex/graphics/trig.sty
Package: trig 2016/01/03 v1.10 sin cos tan (DPC)
)
(/usr/local/texlive/2016/texmf-dist/tex/latex/graphics-cfg/graphics.cfg
File: graphics.cfg 2016/01/02 v1.10 sample graphics configuration
)
Package graphics Info: Driver file: pdftex.def on input line 96.

(/usr/local/texlive/2016/texmf-dist/tex/latex/pdftex-def/pdftex.def
File: pdftex.def 2011/05/27 v0.06d Graphics/color for pdfTeX

(/usr/local/texlive/2016/texmf-dist/tex/generic/oberdiek/infwarerr.sty
Package: infwarerr 2016/05/16 v1.4 Providing info/warning/error messages (HO)
)
(/usr/local/texlive/2016/texmf-dist/tex/generic/oberdiek/ltxcmds.sty
Package: ltxcmds 2016/05/16 v1.23 LaTeX kernel commands for general use (HO)
)
\Gread@gobject=\count106
))
\Gin@req@height=\dimen117
\Gin@req@width=\dimen118
)
(/usr/local/texlive/2016/texmf-dist/tex/latex/pdfpages/pdfpages.sty
Package: pdfpages 2016/04/19 v0.5f Insert pages of external PDF documents (AM)

(/usr/local/texlive/2016/texmf-dist/tex/latex/base/ifthen.sty
Package: ifthen 2014/09/29 v1.1c Standard LaTeX ifthen package (DPC)
)
(/usr/local/texlive/2016/texmf-dist/tex/latex/tools/calc.sty
Package: calc 2014/10/28 v4.3 Infix arithmetic (KKT,FJ)
\calc@Acount=\count107
\calc@Bcount=\count108
\calc@Adimen=\dimen119
\calc@Bdimen=\dimen120
\calc@Askip=\skip59
\calc@Bskip=\skip60
LaTeX Info: Redefining \setlength on input line 80.
LaTeX Info: Redefining \addtolength on input line 81.
\calc@Ccount=\count109
\calc@Cskip=\skip61
)
(/usr/local/texlive/2016/texmf-dist/tex/latex/eso-pic/eso-pic.sty
Package: eso-pic 2015/07/21 v2.0g eso-pic (RN)

(/usr/local/texlive/2016/texmf-dist/tex/generic/oberdiek/atbegshi.sty
Package: atbegshi 2016/05/16 v1.17 At begin shipout hook (HO)

(/usr/local/texlive/2016/texmf-dist/tex/generic/oberdiek/ifpdf.sty
Package: ifpdf 2016/05/14 v3.1 Provides the ifpdf switch
))
(/usr/local/texlive/2016/texmf-dist/tex/latex/xcolor/xcolor.sty
Package: xcolor 2016/05/11 v2.12 LaTeX color extensions (UK)

(/usr/local/texlive/2016/texmf-dist/tex/latex/graphics-cfg/color.cfg
File: color.cfg 2016/01/02 v1.6 sample color configuration
)
Package xcolor Info: Driver file: pdftex.def on input line 225.
Package xcolor Info: Model `cmy' substituted by `cmy0' on input line 1348.
Package xcolor Info: Model `hsb' substituted by `rgb' on input line 1352.
Package xcolor Info: Model `RGB' extended on input line 1364.
Package xcolor Info: Model `HTML' substituted by `rgb' on input line 1366.
Package xcolor Info: Model `Hsb' substituted by `hsb' on input line 1367.
Package xcolor Info: Model `tHsb' substituted by `hsb' on input line 1368.
Package xcolor Info: Model `HSB' substituted by `hsb' on input line 1369.
Package xcolor Info: Model `Gray' substituted by `gray' on input line 1370.
Package xcolor Info: Model `wave' substituted by `hsb' on input line 1371.
))
\AM@pagewidth=\dimen121
\AM@pageheight=\dimen122

(/usr/local/texlive/2016/texmf-dist/tex/latex/pdfpages/pppdftex.def
File: pppdftex.def 2016/04/19 v0.5f Pdfpages driver for pdfTeX (AM)
)
\AM@pagebox=\box28
\AM@global@opts=\toks20
\AM@toc@title=\toks21
\c@AM@survey=\count110
\AM@templatesizebox=\box29
)
(/usr/local/texlive/2016/texmf-dist/tex/latex/graphics/lscape.sty
Package: lscape 2000/10/22 v3.01 Landscape Pages (DPC)
)
(/usr/local/texlive/2016/texmf-dist/tex/latex/booktabs/booktabs.sty
Package: booktabs 2016/04/27 v1.618033 publication quality tables
\heavyrulewidth=\dimen123
\lightrulewidth=\dimen124
\cmidrulewidth=\dimen125
\belowrulesep=\dimen126
\belowbottomsep=\dimen127
\aboverulesep=\dimen128
\abovetopsep=\dimen129
\cmidrulesep=\dimen130
\cmidrulekern=\dimen131
\defaultaddspace=\dimen132
\@cmidla=\count111
\@cmidlb=\count112
\@aboverulesep=\dimen133
\@belowrulesep=\dimen134
\@thisruleclass=\count113
\@lastruleclass=\count114
\@thisrulewidth=\dimen135
)
(/usr/local/texlive/2016/texmf-dist/tex/latex/tools/dcolumn.sty
Package: dcolumn 2014/10/28 v1.06 decimal alignment package (DPC)

(/usr/local/texlive/2016/texmf-dist/tex/latex/tools/array.sty
Package: array 2014/10/28 v2.4c Tabular extension package (FMi)
\col@sep=\dimen136
\extrarowheight=\dimen137
\NC@list=\toks22
\extratabsurround=\skip62
\backup@length=\skip63
))
(/usr/local/texlive/2016/texmf-dist/tex/latex/paralist/paralist.sty
Package: paralist 2015/12/30 v2.5 Extended list environments
\pltopsep=\skip64
\plpartopsep=\skip65
\plitemsep=\skip66
\plparsep=\skip67
\pl@lab=\toks23
)
(/usr/local/texlive/2016/texmf-dist/tex/latex/geometry/geometry.sty
Package: geometry 2010/09/12 v5.6 Page Geometry

(/usr/local/texlive/2016/texmf-dist/tex/generic/oberdiek/ifvtex.sty
Package: ifvtex 2016/05/16 v1.6 Detect VTeX and its facilities (HO)
Package ifvtex Info: VTeX not detected.
)
(/usr/local/texlive/2016/texmf-dist/tex/generic/ifxetex/ifxetex.sty
Package: ifxetex 2010/09/12 v0.6 Provides ifxetex conditional
)
\Gm@cnth=\count115
\Gm@cntv=\count116
\c@Gm@tempcnt=\count117
\Gm@bindingoffset=\dimen138
\Gm@wd@mp=\dimen139
\Gm@odd@mp=\dimen140
\Gm@even@mp=\dimen141
\Gm@layoutwidth=\dimen142
\Gm@layoutheight=\dimen143
\Gm@layouthoffset=\dimen144
\Gm@layoutvoffset=\dimen145
\Gm@dimlist=\toks24
)
(/usr/local/texlive/2016/texmf-dist/tex/latex/ms/ragged2e.sty
Package: ragged2e 2009/05/21 v2.1 ragged2e Package (MS)

(/usr/local/texlive/2016/texmf-dist/tex/latex/ms/everysel.sty
Package: everysel 2011/10/28 v1.2 EverySelectfont Package (MS)
)
\CenteringLeftskip=\skip68
\RaggedLeftLeftskip=\skip69
\RaggedRightLeftskip=\skip70
\CenteringRightskip=\skip71
\RaggedLeftRightskip=\skip72
\RaggedRightRightskip=\skip73
\CenteringParfillskip=\skip74
\RaggedLeftParfillskip=\skip75
\RaggedRightParfillskip=\skip76
\JustifyingParfillskip=\skip77
\CenteringParindent=\skip78
\RaggedLeftParindent=\skip79
\RaggedRightParindent=\skip80
\JustifyingParindent=\skip81
)
(/usr/local/texlive/2016/texmf-dist/tex/latex/listings/listings.sty
\lst@mode=\count118
\lst@gtempboxa=\box30
\lst@token=\toks25
\lst@length=\count119
\lst@currlwidth=\dimen146
\lst@column=\count120
\lst@pos=\count121
\lst@lostspace=\dimen147
\lst@width=\dimen148
\lst@newlines=\count122
\lst@lineno=\count123
\lst@maxwidth=\dimen149

(/usr/local/texlive/2016/texmf-dist/tex/latex/listings/lstmisc.sty
File: lstmisc.sty 2015/06/04 1.6 (Carsten Heinz)
\c@lstnumber=\count124
\lst@skipnumbers=\count125
\lst@framebox=\box31
)
(/usr/local/texlive/2016/texmf-dist/tex/latex/listings/listings.cfg
File: listings.cfg 2015/06/04 1.6 listings configuration
))
Package: listings 2015/06/04 1.6 (Carsten Heinz)

(/usr/local/texlive/2016/texmf-dist/tex/latex/caption/caption.sty
Package: caption 2016/02/21 v3.3-144 Customizing captions (AR)

(/usr/local/texlive/2016/texmf-dist/tex/latex/caption/caption3.sty
Package: caption3 2016/02/04 v1.7-139 caption3 kernel (AR)
Package caption3 Info: TeX engine: e-TeX on input line 67.
\captionmargin=\dimen150
\captionmargin@=\dimen151
\captionwidth=\dimen152
\caption@tempdima=\dimen153
\caption@indent=\dimen154
\caption@parindent=\dimen155
\caption@hangindent=\dimen156
)
\c@ContinuedFloat=\count126
Package caption Info: listings package is loaded.
)
(./WRM-Notebook.aux (./Lesson1/Lesson1.aux) (./Lesson2/Lesson2.aux)
(./Lesson3/Lesson3.aux) (./Lesson4/Lesson4.aux) (./Lesson5/Lesson5.aux)
(./Lesson6/Lesson6.aux) (./Lesson7/Lesson7.aux

LaTeX Warning: Label `eqn:oneDoublePrime' multiply defined.

) (./Lesson8/Lesson8.aux) (./Lesson9/Lesson9.aux) (./Lesson10/Lesson10.aux)
(./Lesson11/Lesson11.aux) (./Lesson12/Lesson12.aux

LaTeX Warning: Label `fig:layout' multiply defined.

) (./Lesson13/Lesson13.aux) (./Lesson14/Lesson14.aux) (./Lesson15/Lesson15.aux

LaTeX Warning: Label `fig:installNLP' multiply defined.


LaTeX Warning: Label `fig:successInstall' multiply defined.


LaTeX Warning: Label `fig:NLPExample1Math' multiply defined.


LaTeX Warning: Label `lst:NLPExample1Script' multiply defined.


LaTeX Warning: Label `fig:NLPExample1Run' multiply defined.


LaTeX Warning: Label `fig:NLPExample2Math' multiply defined.


LaTeX Warning: Label `lst:NLPExample2Script' multiply defined.


LaTeX Warning: Label `fig:NLPExample2Run' multiply defined.


LaTeX Warning: Label `fig:busroutes' multiply defined.


LaTeX Warning: Label `tab:busroutes' multiply defined.


LaTeX Warning: Label `fig:2TankFeedback' multiply defined.


LaTeX Warning: Label `eqn:reactor-balance-biosolids' multiply defined.


LaTeX Warning: Label `eqn:reactor-balance-substrate' multiply defined.


LaTeX Warning: Label `eqn:clarifier-balance-biosolids' multiply defined.


LaTeX Warning: Label `eqn:onePrime' multiply defined.


LaTeX Warning: Label `eqn:oneDoublePrime' multiply defined.


LaTeX Warning: Label `eqn:oneDoublePrime' multiply defined.


LaTeX Warning: Label `fig:NLPExample2AMath' multiply defined.


LaTeX Warning: Label `lst:NLPExample2A1Script' multiply defined.


LaTeX Warning: Label `lst:NLPExample2A2Script' multiply defined.


LaTeX Warning: Label `lst:NLPExample2A3Script' multiply defined.


LaTeX Warning: Label `fig:NLPExample2ARun' multiply defined.

) (./Lesson16/Lesson16.aux) (./Lesson17/Lesson17.aux) (./Lesson18/Lesson18.aux)
(./Lesson19/Lesson19.aux) (./Lesson20/Lesson20.aux) (./Lesson21/Lesson21.aux)
(./Lesson22/Lesson22.aux) (./Lesson23/Lesson23.aux) (./Lesson24/Lesson24.aux))
\openout1 = `WRM-Notebook.aux'.

LaTeX Font Info:    Checking defaults for OML/cmm/m/it on input line 64.
LaTeX Font Info:    ... okay on input line 64.
LaTeX Font Info:    Checking defaults for T1/cmr/m/n on input line 64.
LaTeX Font Info:    ... okay on input line 64.
LaTeX Font Info:    Checking defaults for OT1/cmr/m/n on input line 64.
LaTeX Font Info:    ... okay on input line 64.
LaTeX Font Info:    Checking defaults for OMS/cmsy/m/n on input line 64.
LaTeX Font Info:    ... okay on input line 64.
LaTeX Font Info:    Checking defaults for OMX/cmex/m/n on input line 64.
LaTeX Font Info:    ... okay on input line 64.
LaTeX Font Info:    Checking defaults for U/cmr/m/n on input line 64.
LaTeX Font Info:    ... okay on input line 64.

(/usr/local/texlive/2016/texmf-dist/tex/context/base/mkii/supp-pdf.mkii
[Loading MPS to PDF converter (version 2006.09.02).]
\scratchcounter=\count127
\scratchdimen=\dimen157
\scratchbox=\box32
\nofMPsegments=\count128
\nofMParguments=\count129
\everyMPshowfont=\toks26
\MPscratchCnt=\count130
\MPscratchDim=\dimen158
\MPnumerator=\count131
\makeMPintoPDFobject=\count132
\everyMPtoPDFconversion=\toks27
) (/usr/local/texlive/2016/texmf-dist/tex/generic/oberdiek/pdftexcmds.sty
Package: pdftexcmds 2016/05/10 v0.21 Utility functions of pdfTeX for LuaTeX (HO
)

(/usr/local/texlive/2016/texmf-dist/tex/generic/oberdiek/ifluatex.sty
Package: ifluatex 2016/05/16 v1.4 Provides the ifluatex switch (HO)
Package ifluatex Info: LuaTeX not detected.
)
Package pdftexcmds Info: LuaTeX not detected.
Package pdftexcmds Info: \pdf@primitive is available.
Package pdftexcmds Info: \pdf@ifprimitive is available.
Package pdftexcmds Info: \pdfdraftmode found.
)
(/usr/local/texlive/2016/texmf-dist/tex/latex/oberdiek/epstopdf-base.sty
Package: epstopdf-base 2016/05/15 v2.6 Base part for package epstopdf

(/usr/local/texlive/2016/texmf-dist/tex/latex/oberdiek/grfext.sty
Package: grfext 2016/05/16 v1.2 Manage graphics extensions (HO)

(/usr/local/texlive/2016/texmf-dist/tex/generic/oberdiek/kvdefinekeys.sty
Package: kvdefinekeys 2016/05/16 v1.4 Define keys (HO)
))
(/usr/local/texlive/2016/texmf-dist/tex/latex/oberdiek/kvoptions.sty
Package: kvoptions 2016/05/16 v3.12 Key value format for package options (HO)

(/usr/local/texlive/2016/texmf-dist/tex/generic/oberdiek/kvsetkeys.sty
Package: kvsetkeys 2016/05/16 v1.17 Key value parser (HO)

(/usr/local/texlive/2016/texmf-dist/tex/generic/oberdiek/etexcmds.sty
Package: etexcmds 2016/05/16 v1.6 Avoid name clashes with e-TeX commands (HO)
Package etexcmds Info: Could not find \expanded.
(etexcmds)             That can mean that you are not using pdfTeX 1.50 or
(etexcmds)             that some package has redefined \expanded.
(etexcmds)             In the latter case, load this package earlier.
)))
Package grfext Info: Graphics extension search list:
(grfext)             [.png,.pdf,.jpg,.mps,.jpeg,.jbig2,.jb2,.PNG,.PDF,.JPG,.JPE
G,.JBIG2,.JB2,.eps]
(grfext)             \AppendGraphicsExtensions on input line 456.

(/usr/local/texlive/2016/texmf-dist/tex/latex/latexconfig/epstopdf-sys.cfg
File: epstopdf-sys.cfg 2010/07/13 v1.3 Configuration of (r)epstopdf for TeX Liv
e
))
\AtBeginShipoutBox=\box33

(/usr/local/texlive/2016/texmf-dist/tex/latex/oberdiek/pdflscape.sty
Package: pdflscape 2016/05/14 v0.11 Display of landscape pages in PDF (HO)
Package pdflscape Info: Auto-detected driver: pdftex on input line 81.
)
*geometry* driver: auto-detecting
*geometry* detected driver: pdftex
*geometry* verbose mode - [ preamble ] result:
* driver: pdftex
* paper: letterpaper
* layout: <same size as paper>
* layoutoffset:(h,v)=(0.0pt,0.0pt)
* modes: 
* h-part:(L,W,R)=(90.3375pt, 433.62001pt, 90.3375pt)
* v-part:(T,H,B)=(72.26999pt, 650.43001pt, 72.26999pt)
* \paperwidth=614.295pt
* \paperheight=794.96999pt
* \textwidth=433.62001pt
* \textheight=650.43001pt
* \oddsidemargin=18.0675pt
* \evensidemargin=18.0675pt
* \topmargin=-37.0pt
* \headheight=12.0pt
* \headsep=25.0pt
* \topskip=12.0pt
* \footskip=30.0pt
* \marginparwidth=44.0pt
* \marginparsep=10.0pt
* \columnsep=10.0pt
* \skip\footins=10.8pt plus 4.0pt minus 2.0pt
* \hoffset=0.0pt
* \voffset=0.0pt
* \mag=1000
* \@twocolumnfalse
* \@twosidefalse
* \@mparswitchfalse
* \@reversemarginfalse
* (1in=72.27pt=25.4mm, 1cm=28.453pt)

ABD: EverySelectfont initializing macros
LaTeX Info: Redefining \selectfont on input line 64.
\c@lstlisting=\count133
Package caption Info: Begin \AtBeginDocument code.
Package caption Info: End \AtBeginDocument code.
Package caption Info: We need package `ragged2e' on input line 64.

<./support/drops-of-water-water-nature-liquid-40784-e1481152386844.jpg, id=1, 1
204.5pt x 803.0pt>
File: ./support/drops-of-water-water-nature-liquid-40784-e1481152386844.jpg Gra
phic file (type jpg)

<use ./support/drops-of-water-water-nature-liquid-40784-e1481152386844.jpg>
Package pdftex.def Info: ./support/drops-of-water-water-nature-liquid-40784-e14
81152386844.jpg used on input line 73.
(pdftex.def)             Requested size: 433.62pt x 289.07977pt.

Underfull \hbox (badness 10000) in paragraph at lines 90--99

 []


Underfull \hbox (badness 10000) in paragraph at lines 90--99

 []


Underfull \hbox (badness 10000) in paragraph at lines 90--99

 []


Underfull \hbox (badness 10000) in paragraph at lines 90--99

 []


Underfull \hbox (badness 10000) in paragraph at lines 90--99

 []


Underfull \hbox (badness 10000) in paragraph at lines 90--99

 []

[1

{/usr/local/texlive/2016/texmf-var/fonts/map/pdftex/updmap/pdftex.map} <./suppo
rt/drops-of-water-water-nature-liquid-40784-e1481152386844.jpg>]
(./WRM-Notebook.toc
LaTeX Font Info:    Try loading font information for U+msa on input line 2.

(/usr/local/texlive/2016/texmf-dist/tex/latex/amsfonts/umsa.fd
File: umsa.fd 2013/01/14 v3.01 AMS symbols A
)
LaTeX Font Info:    Try loading font information for U+msb on input line 2.

(/usr/local/texlive/2016/texmf-dist/tex/latex/amsfonts/umsb.fd
File: umsb.fd 2013/01/14 v3.01 AMS symbols B
) [2

] [3]
[4]
Overfull \hbox (1.241pt too wide) in paragraph at lines 107--107
 [] []\OT1/cmr/bx/n/12 Supply Al-lo-ca-tion un-der Un-cer-tainty - Chance-Const
raint Ap-proach []  
 []

[5] [6] [7] [8] [9])
\tf@toc=\write3
\openout3 = `WRM-Notebook.toc'.

 [10]
\openout2 = `./Lesson1/Lesson1.aux'.

 (./Lesson1/Lesson1.tex
LaTeX Font Info:    Try loading font information for OMS+cmr on input line 21.

(/usr/local/texlive/2016/texmf-dist/tex/latex/base/omscmr.fd
File: omscmr.fd 2014/09/29 v2.5h Standard LaTeX font definitions
)
LaTeX Font Info:    Font shape `OMS/cmr/m/n' in size <12> not available
(Font)              Font shape `OMS/cmsy/m/n' tried instead on input line 21.
 [11

]
Underfull \hbox (badness 10000) in paragraph at lines 29--34

 []


Underfull \hbox (badness 10000) in paragraph at lines 29--34

 []


Underfull \hbox (badness 10000) in paragraph at lines 41--45

 []


Underfull \hbox (badness 10000) in paragraph at lines 41--45

 []

[12] <./Lesson1/Picture1.png, id=46, 357.0138pt x 366.168pt>
File: ./Lesson1/Picture1.png Graphic file (type png)

<use ./Lesson1/Picture1.png>
Package pdftex.def Info: ./Lesson1/Picture1.png used on input line 71.
(pdftex.def)             Requested size: 433.62pt x 444.752pt.
 [13 <./Lesson1/Picture1.png>] [14]) [15]
\openout2 = `./Lesson2/Lesson2.aux'.


(./Lesson2/Lesson2.tex) [16


]
\openout2 = `./Lesson3/Lesson3.aux'.

 (./Lesson3/Lesson3.tex) [17


]
\openout2 = `./Lesson4/Lesson4.aux'.


(./Lesson4/Lesson4.tex) [18


]
\openout2 = `./Lesson5/Lesson5.aux'.

 (./Lesson5/Lesson5.tex
LaTeX Font Info:    Font shape `OT1/cmtt/bx/n' in size <12> not available
(Font)              Font shape `OT1/cmtt/m/n' tried instead on input line 3.
) [19


]
\openout2 = `./Lesson6/Lesson6.aux'.


(./Lesson6/Lesson6.tex) [20


]
\openout2 = `./Lesson7/Lesson7.aux'.

 (./Lesson7/Lesson7.tex
<./Lesson7/figures/installNLP.jpg, id=79, 1875.005pt x 1365.1pt>
File: ./Lesson7/figures/installNLP.jpg Graphic file (type jpg)

<use ./Lesson7/figures/installNLP.jpg>
Package pdftex.def Info: ./Lesson7/figures/installNLP.jpg used on input line 13
.
(pdftex.def)             Requested size: 433.62pt x 315.69527pt.
 [21


 <./Lesson7/figures/installNLP.jpg>]
<./Lesson7/figures/successInstall.jpg, id=84, 1866.975pt x 1355.0625pt>
File: ./Lesson7/figures/successInstall.jpg Graphic file (type jpg)

<use ./Lesson7/figures/successInstall.jpg>
Package pdftex.def Info: ./Lesson7/figures/successInstall.jpg used on input lin
e 22.
(pdftex.def)             Requested size: 433.62pt x 314.71796pt.
 [22 <./Lesson7/figures/successInstall.jpg>] [23]
<./Lesson7/figures/NLPExample1Run.jpg, id=92, 1877.0125pt x 1363.0925pt>
File: ./Lesson7/figures/NLPExample1Run.jpg Graphic file (type jpg)

<use ./Lesson7/figures/NLPExample1Run.jpg>
Package pdftex.def Info: ./Lesson7/figures/NLPExample1Run.jpg used on input lin
e 140.
(pdftex.def)             Requested size: 433.62pt x 314.87743pt.


Package natbib Warning: Citation `Gill1988' on page 24 undefined on input line 
147.

[24

 <./Lesson7/figures/NLPExample1Run.jpg>]
<./Lesson7/figures/NLPExample2Run.jpg, id=96, 1872.9975pt x 1365.1pt>
File: ./Lesson7/figures/NLPExample2Run.jpg Graphic file (type jpg)

<use ./Lesson7/figures/NLPExample2Run.jpg>
Package pdftex.def Info: ./Lesson7/figures/NLPExample2Run.jpg used on input lin
e 246.
(pdftex.def)             Requested size: 433.62pt x 316.02853pt.


LaTeX Warning: `!h' float specifier changed to `!ht'.

[25] [26 <./Lesson7/figures/NLPExample2Run.jpg>]
<./Lesson7/figures/busroutes.png, id=104, 554.07pt x 319.1925pt>
File: ./Lesson7/figures/busroutes.png Graphic file (type png)

<use ./Lesson7/figures/busroutes.png>
Package pdftex.def Info: ./Lesson7/figures/busroutes.png used on input line 265
.
(pdftex.def)             Requested size: 433.62pt x 249.80199pt.

Overfull \hbox (35.99995pt too wide) in paragraph at lines 275--284
 [][] 
 []

[27

 <./Lesson7/figures/busroutes.png>]
Underfull \hbox (badness 10000) in paragraph at lines 294--325

 []


Underfull \hbox (badness 10000) in paragraph at lines 294--325

 []


Underfull \hbox (badness 10000) in paragraph at lines 294--325

 []


Underfull \hbox (badness 10000) in paragraph at lines 294--325

 []


Underfull \hbox (badness 10000) in paragraph at lines 294--325

 []


Underfull \hbox (badness 10000) in paragraph at lines 294--325

 []


Underfull \hbox (badness 10000) in paragraph at lines 294--325

 []


Underfull \hbox (badness 10000) in paragraph at lines 294--325

 []


Underfull \hbox (badness 10000) in paragraph at lines 294--325

 []


Underfull \hbox (badness 10000) in paragraph at lines 294--325

 []

[28]

LaTeX Warning: Reference `lst:' on page 29 undefined on input line 347.

[29] [30

]
<./Lesson7/figures/2TankFeedback.jpg, id=123, 704.6325pt x 523.9575pt>
File: ./Lesson7/figures/2TankFeedback.jpg Graphic file (type jpg)

<use ./Lesson7/figures/2TankFeedback.jpg>
Package pdftex.def Info: ./Lesson7/figures/2TankFeedback.jpg used on input line
 365.
(pdftex.def)             Requested size: 433.62pt x 322.43582pt.
 [31

 <./Lesson7/figures/2TankFeedback.jpg>]
Underfull \hbox (badness 10000) in paragraph at lines 388--391

 []

[32] [33] [34]
Underfull \hbox (badness 10000) in paragraph at lines 543--546

 []


Underfull \hbox (badness 10000) in paragraph at lines 543--546

 []


Underfull \hbox (badness 10000) in paragraph at lines 543--546

 []


Underfull \hbox (badness 10000) in paragraph at lines 543--546

 []

[35]

Package natbib Warning: Citation `Gill1988' on page 36 undefined on input line 
575.

[36

] [37]
<./Lesson7/figures/NLPExample2ARun.jpg, id=148, 1961.3275pt x 1445.4pt>
File: ./Lesson7/figures/NLPExample2ARun.jpg Graphic file (type jpg)

<use ./Lesson7/figures/NLPExample2ARun.jpg>
Package pdftex.def Info: ./Lesson7/figures/NLPExample2ARun.jpg used on input li
ne 713.
(pdftex.def)             Requested size: 433.62pt x 319.55489pt.
 [38 <./Lesson7/figures/NLPExample2ARun.jpg>] [39]
Underfull \hbox (badness 10000) in paragraph at lines 729--752

 []


Underfull \hbox (badness 10000) in paragraph at lines 752--778

 []

) [40

]
\openout2 = `./Lesson8/Lesson8.aux'.

 (./Lesson8/Lesson8.tex
Overfull \hbox (6.90439pt too wide) in paragraph at lines 1--1
[]\OT1/cmr/bx/n/14.4 Simulation Tools - A De-ci-sion Con-se-quence Es-ti-ma-tio
n Com-
 []

) [41


] [42]
\openout2 = `./Lesson9/Lesson9.aux'.

 (./Lesson9/Lesson9.tex) [43


]
\openout2 = `./Lesson10/Lesson10.aux'.

 (./Lesson10/Lesson10.tex
Missing character: There is no × in font cmr12!
Missing character: There is no × in font cmr12!

<./Lesson10/figures/aquifer-optimization.jpg, id=168, 469.755pt x 441.65pt>
File: ./Lesson10/figures/aquifer-optimization.jpg Graphic file (type jpg)

<use ./Lesson10/figures/aquifer-optimization.jpg>
Package pdftex.def Info: ./Lesson10/figures/aquifer-optimization.jpg used on in
put line 16.
(pdftex.def)             Requested size: 397.48499pt x 373.70602pt.


LaTeX Warning: `!h' float specifier changed to `!ht'.

[44


]
Underfull \hbox (badness 10000) in paragraph at lines 50--53

 []


Underfull \hbox (badness 10000) in paragraph at lines 50--53

 []

[45 <./Lesson10/figures/aquifer-optimization.jpg>]
Underfull \hbox (badness 10000) in paragraph at lines 54--57

 []


LaTeX Warning: Reference `eqn:confined-aquifer-flow-PDE' on page 46 undefined o
n input line 386.


<./Lesson10/figures/multiple-cell-balance-2d.jpg, id=175, 433.62pt x 342.27875p
t>
File: ./Lesson10/figures/multiple-cell-balance-2d.jpg Graphic file (type jpg)
 <use ./Lesson10/figures/multiple-cell-balance-2d.jpg>
Package pdftex.def Info: ./Lesson10/figures/multiple-cell-balance-2d.jpg used o
n input line 404.
(pdftex.def)             Requested size: 289.07999pt x 228.19743pt.


LaTeX Warning: `!h' float specifier changed to `!ht'.

[46] [47 <./Lesson10/figures/multiple-cell-balance-2d.jpg>] [48] [49]
Underfull \hbox (badness 10000) in paragraph at lines 930--931

 []

<./Lesson10/figures/DamSeepage.jpg, id=191, 500.87125pt x 336.25626pt>
File: ./Lesson10/figures/DamSeepage.jpg Graphic file (type jpg)

<use ./Lesson10/figures/DamSeepage.jpg>
Package pdftex.def Info: ./Lesson10/figures/DamSeepage.jpg used on input line 9
42.
(pdftex.def)             Requested size: 375.80377pt x 252.30444pt.
 [50 <./Lesson10/figures/DamSeepage.jpg>] [51] [52]
<./Lesson10/figures/DamSeepageInR.jpg, id=202, 1333.98375pt x 869.2475pt>
File: ./Lesson10/figures/DamSeepageInR.jpg Graphic file (type jpg)

<use ./Lesson10/figures/DamSeepageInR.jpg>
Package pdftex.def Info: ./Lesson10/figures/DamSeepageInR.jpg used on input lin
e 1021.
(pdftex.def)             Requested size: 433.62pt x 282.55515pt.

<./Lesson10/figures/DamSeepageInExcel.jpg, id=203, 1374.13374pt x 763.85374pt>
File: ./Lesson10/figures/DamSeepageInExcel.jpg Graphic file (type jpg)

<use ./Lesson10/figures/DamSeepageInExcel.jpg>
Package pdftex.def Info: ./Lesson10/figures/DamSeepageInExcel.jpg used on input
 line 1030.
(pdftex.def)             Requested size: 433.62pt x 241.03479pt.
 [53 <./Lesson10/figures/DamSeepageInR.jpg> <./Lesson10/figures/DamSeepageInExc
el.jpg>]
<./Lesson10/figures/DamSeepageHalf.jpg, id=207, 500.87125pt x 336.25626pt>
File: ./Lesson10/figures/DamSeepageHalf.jpg Graphic file (type jpg)

<use ./Lesson10/figures/DamSeepageHalf.jpg>
Package pdftex.def Info: ./Lesson10/figures/DamSeepageHalf.jpg used on input li
ne 1041.
(pdftex.def)             Requested size: 433.62pt x 291.11932pt.
 [54

 <./Lesson10/figures/DamSeepageHalf.jpg>]
<./Lesson10/figures/DamSeepageHalfInR.jpg, id=211, 1343.0175pt x 881.2925pt>
File: ./Lesson10/figures/DamSeepageHalfInR.jpg Graphic file (type jpg)

<use ./Lesson10/figures/DamSeepageHalfInR.jpg>
Package pdftex.def Info: ./Lesson10/figures/DamSeepageHalfInR.jpg used on input
 line 1094.
(pdftex.def)             Requested size: 433.62pt x 284.53403pt.
 [55 <./Lesson10/figures/DamSeepageHalfInR.jpg>] [56] [57]
<./Lesson10/figures/4WellsSteady.jpg, id=222, 181.67876pt x 245.41687pt>
File: ./Lesson10/figures/4WellsSteady.jpg Graphic file (type jpg)

<use ./Lesson10/figures/4WellsSteady.jpg>
Package pdftex.def Info: ./Lesson10/figures/4WellsSteady.jpg used on input line
 1266.
(pdftex.def)             Requested size: 214.01036pt x 289.07999pt.
 [58 <./Lesson10/figures/4WellsSteady.jpg>] [59

] [60] [61]
<./Lesson10/figures/4WellsSteadyInR.jpg, id=236, 1233.60875pt x 826.08624pt>
File: ./Lesson10/figures/4WellsSteadyInR.jpg Graphic file (type jpg)

<use ./Lesson10/figures/4WellsSteadyInR.jpg>
Package pdftex.def Info: ./Lesson10/figures/4WellsSteadyInR.jpg used on input l
ine 1411.
(pdftex.def)             Requested size: 433.62pt x 290.3698pt.
 [62 <./Lesson10/figures/4WellsSteadyInR.jpg>] [63] [64] [65] [66] [67] [68] [6
9]) [70]
\openout2 = `./Lesson11/Lesson11.aux'.

 (./Lesson11/Lesson11.tex
<./Lesson11/figures/layout.jpg, id=265, 485.815pt x 674.52pt>
File: ./Lesson11/figures/layout.jpg Graphic file (type jpg)

<use ./Lesson11/figures/layout.jpg>
Package pdftex.def Info: ./Lesson11/figures/layout.jpg used on input line 12.
(pdftex.def)             Requested size: 208.20697pt x 289.07999pt.
 [71


 <./Lesson11/figures/layout.jpg>]
<./Lesson11/figures/flowProb.jpg, id=269, 514.92375pt x 489.83pt>
File: ./Lesson11/figures/flowProb.jpg Graphic file (type jpg)

<use ./Lesson11/figures/flowProb.jpg>
Package pdftex.def Info: ./Lesson11/figures/flowProb.jpg used on input line 58.

(pdftex.def)             Requested size: 227.9107pt x 216.81pt.
 [72]
Underfull \hbox (badness 10000) in paragraph at lines 66--67

 []


Underfull \hbox (badness 10000) in paragraph at lines 77--78

 []


Overfull \hbox (21.45767pt too wide) detected at line 110
 [] 
 []

[73 <./Lesson11/figures/flowProb.jpg>] [74] [75]
Overfull \hbox (12.37062pt too wide) in paragraph at lines 174--213
[] $ 
 []

[76

] <./Lesson11/figures/LPOutput.jpg, id=286, 1862.96pt x 1357.07pt>
File: ./Lesson11/figures/LPOutput.jpg Graphic file (type jpg)

<use ./Lesson11/figures/LPOutput.jpg>
Package pdftex.def Info: ./Lesson11/figures/LPOutput.jpg used on input line 289
.
(pdftex.def)             Requested size: 433.62pt x 315.86754pt.
) [77

] [78 <./Lesson11/figures/LPOutput.jpg>]
\openout2 = `./Lesson12/Lesson12.aux'.

 (./Lesson12/Lesson12.tex
File: ./Lesson11/figures/layout.jpg Graphic file (type jpg)
 <use ./Lesson11/figures/layout.jpg>
Package pdftex.def Info: ./Lesson11/figures/layout.jpg used on input line 10.
(pdftex.def)             Requested size: 208.20697pt x 289.07999pt.
 [79


]
<./Lesson12/figures/flow-frequency-curve.jpg, id=297, 941.5175pt x 766.865pt>
File: ./Lesson12/figures/flow-frequency-curve.jpg Graphic file (type jpg)

<use ./Lesson12/figures/flow-frequency-curve.jpg>
Package pdftex.def Info: ./Lesson12/figures/flow-frequency-curve.jpg used on in
put line 28.
(pdftex.def)             Requested size: 354.92146pt x 289.07999pt.
 [80 <./Lesson12/figures/flow-frequency-curve.jpg>]
<./Lesson12/figures/LPChanceOutput.jpg, id=301, 1864.9675pt x 1355.0625pt>
File: ./Lesson12/figures/LPChanceOutput.jpg Graphic file (type jpg)

<use ./Lesson12/figures/LPChanceOutput.jpg>
Package pdftex.def Info: ./Lesson12/figures/LPChanceOutput.jpg used on input li
ne 104.
(pdftex.def)             Requested size: 433.62pt x 315.04878pt.


LaTeX Warning: `!h' float specifier changed to `!ht'.

[81] <./Lesson12/figures/flow-curve-too.jpg, id=305, 945.5325pt x 762.85pt>
File: ./Lesson12/figures/flow-curve-too.jpg Graphic file (type jpg)

<use ./Lesson12/figures/flow-curve-too.jpg>
Package pdftex.def Info: ./Lesson12/figures/flow-curve-too.jpg used on input li
ne 119.
(pdftex.def)             Requested size: 433.62pt x 349.84436pt.


LaTeX Warning: `!h' float specifier changed to `!ht'.

) [82 <./Lesson12/figures/LPChanceOutput.jpg>] [83 <./Lesson12/figures/flow-cur
ve-too.jpg>]
\openout2 = `./Lesson13/Lesson13.aux'.

 (./Lesson13/Lesson13.tex) [84


]
\openout2 = `./Lesson14/Lesson14.aux'.

 (./Lesson14/Lesson14.tex) [85


]
\openout2 = `./Lesson15/Lesson15.aux'.


(./Lesson15/Lesson15.tex
<./Lesson15/figures/installNLP.jpg, id=319, 1875.005pt x 1365.1pt>
File: ./Lesson15/figures/installNLP.jpg Graphic file (type jpg)

<use ./Lesson15/figures/installNLP.jpg>
Package pdftex.def Info: ./Lesson15/figures/installNLP.jpg used on input line 1
3.
(pdftex.def)             Requested size: 433.62pt x 315.69527pt.
 [86


 <./Lesson15/figures/installNLP.jpg>] <./Lesson15/figures/successInstall.jpg, i
d=323, 1866.975pt x 1355.0625pt>
File: ./Lesson15/figures/successInstall.jpg Graphic file (type jpg)

<use ./Lesson15/figures/successInstall.jpg>
Package pdftex.def Info: ./Lesson15/figures/successInstall.jpg used on input li
ne 22.
(pdftex.def)             Requested size: 433.62pt x 314.71796pt.
 [87 <./Lesson15/figures/successInstall.jpg>] [88]
<./Lesson15/figures/NLPExample1Run.jpg, id=330, 1877.0125pt x 1363.0925pt>
File: ./Lesson15/figures/NLPExample1Run.jpg Graphic file (type jpg)

<use ./Lesson15/figures/NLPExample1Run.jpg>
Package pdftex.def Info: ./Lesson15/figures/NLPExample1Run.jpg used on input li
ne 140.
(pdftex.def)             Requested size: 433.62pt x 314.87743pt.


Package natbib Warning: Citation `Gill1988' on page 89 undefined on input line 
147.

[89

 <./Lesson15/figures/NLPExample1Run.jpg>]
<./Lesson15/figures/NLPExample2Run.jpg, id=334, 1872.9975pt x 1365.1pt>
File: ./Lesson15/figures/NLPExample2Run.jpg Graphic file (type jpg)

<use ./Lesson15/figures/NLPExample2Run.jpg>
Package pdftex.def Info: ./Lesson15/figures/NLPExample2Run.jpg used on input li
ne 246.
(pdftex.def)             Requested size: 433.62pt x 316.02853pt.


LaTeX Warning: `!h' float specifier changed to `!ht'.

[90] [91 <./Lesson15/figures/NLPExample2Run.jpg>]
<./Lesson15/figures/busroutes.png, id=342, 554.07pt x 319.1925pt>
File: ./Lesson15/figures/busroutes.png Graphic file (type png)

<use ./Lesson15/figures/busroutes.png>
Package pdftex.def Info: ./Lesson15/figures/busroutes.png used on input line 26
5.
(pdftex.def)             Requested size: 433.62pt x 249.80199pt.

Overfull \hbox (35.99995pt too wide) in paragraph at lines 275--284
 [][] 
 []

[92

 <./Lesson15/figures/busroutes.png>]
Underfull \hbox (badness 10000) in paragraph at lines 294--325

 []


Underfull \hbox (badness 10000) in paragraph at lines 294--325

 []


Underfull \hbox (badness 10000) in paragraph at lines 294--325

 []


Underfull \hbox (badness 10000) in paragraph at lines 294--325

 []


Underfull \hbox (badness 10000) in paragraph at lines 294--325

 []


Underfull \hbox (badness 10000) in paragraph at lines 294--325

 []


Underfull \hbox (badness 10000) in paragraph at lines 294--325

 []


Underfull \hbox (badness 10000) in paragraph at lines 294--325

 []


Underfull \hbox (badness 10000) in paragraph at lines 294--325

 []


Underfull \hbox (badness 10000) in paragraph at lines 294--325

 []

[93]

LaTeX Warning: Reference `lst:' on page 94 undefined on input line 347.

[94] [95

]
<./Lesson15/figures/2TankFeedback.jpg, id=355, 704.6325pt x 523.9575pt>
File: ./Lesson15/figures/2TankFeedback.jpg Graphic file (type jpg)

<use ./Lesson15/figures/2TankFeedback.jpg>
Package pdftex.def Info: ./Lesson15/figures/2TankFeedback.jpg used on input lin
e 365.
(pdftex.def)             Requested size: 433.62pt x 322.43582pt.
 [96

 <./Lesson15/figures/2TankFeedback.jpg>]
Underfull \hbox (badness 10000) in paragraph at lines 388--391

 []

[97] [98] [99]
Underfull \hbox (badness 10000) in paragraph at lines 543--546

 []


Underfull \hbox (badness 10000) in paragraph at lines 543--546

 []


Underfull \hbox (badness 10000) in paragraph at lines 543--546

 []


Underfull \hbox (badness 10000) in paragraph at lines 543--546

 []

[100]

Package natbib Warning: Citation `Gill1988' on page 101 undefined on input line
 575.

[101

] [102]
<./Lesson15/figures/NLPExample2ARun.jpg, id=379, 1961.3275pt x 1445.4pt>
File: ./Lesson15/figures/NLPExample2ARun.jpg Graphic file (type jpg)

<use ./Lesson15/figures/NLPExample2ARun.jpg>
Package pdftex.def Info: ./Lesson15/figures/NLPExample2ARun.jpg used on input l
ine 713.
(pdftex.def)             Requested size: 433.62pt x 319.55489pt.
 [103 <./Lesson15/figures/NLPExample2ARun.jpg>] [104]
Underfull \hbox (badness 10000) in paragraph at lines 729--752

 []


Underfull \hbox (badness 10000) in paragraph at lines 752--778

 []

) [105

]
\openout2 = `./Lesson16/Lesson16.aux'.

 (./Lesson16/Lesson16.tex) [106


]
\openout2 = `./Lesson17/Lesson17.aux'.

 (./Lesson17/Lesson17.tex) [107


]
\openout2 = `./Lesson18/Lesson18.aux'.


(./Lesson18/Lesson18.tex) [108


]
\openout2 = `./Lesson19/Lesson19.aux'.

 (./Lesson19/Lesson19.tex) [109


]
\openout2 = `./Lesson20/Lesson20.aux'.


(./Lesson20/Lesson20.tex) [110


]
\openout2 = `./Lesson21/Lesson21.aux'.

 (./Lesson21/Lesson21.tex) [111


]
\openout2 = `./Lesson22/Lesson22.aux'.


(./Lesson22/Lesson22.tex) [112


]
\openout2 = `./Lesson23/Lesson23.aux'.

 (./Lesson23/Lesson23.tex) [113


]
\openout2 = `./Lesson24/Lesson24.aux'.


(./Lesson24/Lesson24.tex) [114


]

Package natbib Warning: There were undefined citations.

[115

] (./WRM-Notebook.aux (./Lesson1/Lesson1.aux) (./Lesson2/Lesson2.aux)
(./Lesson3/Lesson3.aux) (./Lesson4/Lesson4.aux) (./Lesson5/Lesson5.aux)
(./Lesson6/Lesson6.aux) (./Lesson7/Lesson7.aux) (./Lesson8/Lesson8.aux)
(./Lesson9/Lesson9.aux) (./Lesson10/Lesson10.aux) (./Lesson11/Lesson11.aux)
(./Lesson12/Lesson12.aux) (./Lesson13/Lesson13.aux) (./Lesson14/Lesson14.aux)
(./Lesson15/Lesson15.aux) (./Lesson16/Lesson16.aux) (./Lesson17/Lesson17.aux)
(./Lesson18/Lesson18.aux) (./Lesson19/Lesson19.aux) (./Lesson20/Lesson20.aux)
(./Lesson21/Lesson21.aux) (./Lesson22/Lesson22.aux) (./Lesson23/Lesson23.aux)
(./Lesson24/Lesson24.aux))

LaTeX Warning: There were undefined references.


LaTeX Warning: There were multiply-defined labels.

 ) 
Here is how much of TeX's memory you used:
 7894 strings out of 493014
 118345 string characters out of 6133351
 889103 words of memory out of 5000000
 11076 multiletter control sequences out of 15000+600000
 12352 words of font info for 49 fonts, out of 8000000 for 9000
 1142 hyphenation exceptions out of 8191
 38i,11n,43p,1312b,1493s stack positions out of 5000i,500n,10000p,200000b,80000s
</usr/local/texlive/2016/texmf-dist/fonts/type1/public/amsfonts/cm/cmbx12.pfb
></usr/local/texlive/2016/texmf-dist/fonts/type1/public/amsfonts/cm/cmex10.pfb>
</usr/local/texlive/2016/texmf-dist/fonts/type1/public/amsfonts/cm/cmmi10.pfb><
/usr/local/texlive/2016/texmf-dist/fonts/type1/public/amsfonts/cm/cmmi12.pfb></
usr/local/texlive/2016/texmf-dist/fonts/type1/public/amsfonts/cm/cmmi6.pfb></us
r/local/texlive/2016/texmf-dist/fonts/type1/public/amsfonts/cm/cmmi7.pfb></usr/
local/texlive/2016/texmf-dist/fonts/type1/public/amsfonts/cm/cmmi8.pfb></usr/lo
cal/texlive/2016/texmf-dist/fonts/type1/public/amsfonts/cm/cmr10.pfb></usr/loca
l/texlive/2016/texmf-dist/fonts/type1/public/amsfonts/cm/cmr12.pfb></usr/local/
texlive/2016/texmf-dist/fonts/type1/public/amsfonts/cm/cmr6.pfb></usr/local/tex
live/2016/texmf-dist/fonts/type1/public/amsfonts/cm/cmr7.pfb></usr/local/texliv
e/2016/texmf-dist/fonts/type1/public/amsfonts/cm/cmr8.pfb></usr/local/texlive/2
016/texmf-dist/fonts/type1/public/amsfonts/cm/cmsl12.pfb></usr/local/texlive/20
16/texmf-dist/fonts/type1/public/amsfonts/cm/cmss10.pfb></usr/local/texlive/201
6/texmf-dist/fonts/type1/public/amsfonts/cm/cmssbx10.pfb></usr/local/texlive/20
16/texmf-dist/fonts/type1/public/amsfonts/cm/cmsy10.pfb></usr/local/texlive/201
6/texmf-dist/fonts/type1/public/amsfonts/cm/cmsy6.pfb></usr/local/texlive/2016/
texmf-dist/fonts/type1/public/amsfonts/cm/cmsy8.pfb></usr/local/texlive/2016/te
xmf-dist/fonts/type1/public/amsfonts/cm/cmtt10.pfb></usr/local/texlive/2016/tex
mf-dist/fonts/type1/public/amsfonts/cm/cmtt12.pfb></usr/local/texlive/2016/texm
f-dist/fonts/type1/public/amsfonts/cm/cmtt8.pfb>
Output written on WRM-Notebook.pdf (115 pages, 16583723 bytes).
PDF statistics:
 494 PDF objects out of 1000 (max. 8388607)
 320 compressed objects within 4 object streams
 0 named destinations out of 1000 (max. 500000)
 156 words of extra memory for PDF output out of 10000 (max. 10000000)

